{
  "stats": {
    "suites": 1,
    "tests": 1,
    "passes": 1,
    "pending": 0,
    "failures": 0,
    "start": "2022-06-06T13:58:24.591Z",
    "end": "2022-06-06T13:58:35.062Z",
    "duration": 10471,
    "testsRegistered": 1,
    "passPercent": 100,
    "pendingPercent": 0,
    "other": 0,
    "hasOther": false,
    "skipped": 0,
    "hasSkipped": false
  },
  "results": [
    {
      "uuid": "55c1b8f2-8dcd-467e-886f-a7d0bcefa826",
      "title": "",
      "fullFile": "cypress/integration/test/second.js",
      "file": "cypress/integration/test/second.js",
      "beforeHooks": [],
      "afterHooks": [],
      "tests": [],
      "suites": [
        {
          "uuid": "4c3f2cb7-098b-46ec-abb5-36ac2279d3bf",
          "title": "My second suite test case execution",
          "fullFile": "",
          "file": "",
          "beforeHooks": [],
          "afterHooks": [],
          "tests": [
            {
              "title": "My first test case execution from second suite",
              "fullTitle": "My second suite test case execution My first test case execution from second suite",
              "timedOut": null,
              "duration": 8169,
              "state": "passed",
              "speed": "medium",
              "pass": true,
              "fail": false,
              "pending": false,
              "context": null,
              "code": "cy.log(\"test case execution started\");\ncy.visit(\"https://rahulshettyacademy.com/AutomationPractice/\"); //checkbox checked\ncy.get(\"#checkBoxOption1\").check(); //click also use but check is more reliable\ncy.get(\"#checkBoxOption1\").uncheck(); //unchecked\n//use asseration is checkbox checked or not\ncy.get(\"#checkBoxOption1\").check().should(\"be.checked\").and(\"have.value\", \"option1\"); //assertion unchecked\ncy.get(\"#checkBoxOption1\").uncheck().should(\"not.be.checked\").should(\"have.value\", \"option1\");",
              "err": {},
              "uuid": "41545c52-3134-43f3-8f9c-33bce2a5a743",
              "parentUUID": "4c3f2cb7-098b-46ec-abb5-36ac2279d3bf",
              "isHook": false,
              "skipped": false
            }
          ],
          "suites": [],
          "passes": [
            "41545c52-3134-43f3-8f9c-33bce2a5a743"
          ],
          "failures": [],
          "pending": [],
          "skipped": [],
          "duration": 8169,
          "root": false,
          "rootEmpty": false,
          "_timeout": 2000
        }
      ],
      "passes": [],
      "failures": [],
      "pending": [],
      "skipped": [],
      "duration": 0,
      "root": true,
      "rootEmpty": true,
      "_timeout": 2000
    }
  ],
  "meta": {
    "mocha": {
      "version": "7.0.1"
    },
    "mochawesome": {
      "options": {
        "quiet": false,
        "reportFilename": "mochawesome",
        "saveHtml": false,
        "saveJson": true,
        "consoleReporter": "spec",
        "useInlineDiffs": false,
        "code": true
      },
      "version": "7.1.3"
    },
    "marge": {
      "options": {
        "id": "default",
        "reportDir": "cypress/reports/.jsons",
        "charts": true,
        "reportPageTitle": "My Test Suite",
        "embeddedScreenshots": true,
        "inlineAssets": true,
        "overwrite": false,
        "html": false,
        "json": true
      },
      "version": "6.2.0"
    }
  }
}