<?xml version="1.0" encoding="UTF-8"?>
<testsuites name="Mocha Tests" time="9.7890" tests="1" failures="0">
  <testsuite name="Root Suite" timestamp="2022-06-18T06:59:11" tests="0" file="cypress/integration/test/first.js" time="0.0000" failures="0">
  </testsuite>
  <testsuite name="My first Test suite test case execution" timestamp="2022-06-18T06:59:11" tests="1" time="9.7170" failures="0">
    <testcase name="My first Test suite test case execution my first test case" time="6.9230" classname="my first test case">
    </testcase>
  </testsuite>
</testsuites>